TN:
SF:src\router.ts
FN:23,(anonymous_0)
FN:37,(anonymous_1)
FN:49,(anonymous_2)
FN:58,(anonymous_3)
FN:84,(anonymous_4)
FNF:5
FNH:5
FNDA:3,(anonymous_0)
FNDA:4,(anonymous_1)
FNDA:5,(anonymous_2)
FNDA:5,(anonymous_3)
FNDA:3,(anonymous_4)
DA:1,2
DA:2,2
DA:3,2
DA:11,2
DA:13,2
DA:15,2
DA:16,2
DA:23,3
DA:28,2
DA:37,4
DA:42,2
DA:49,5
DA:58,5
DA:68,2
DA:77,2
DA:84,3
DA:90,2
LF:17
LH:17
BRF:0
BRH:0
end_of_record
TN:
SF:src\server.ts
FN:7,connectDB
FN:26,(anonymous_2)
FNF:2
FNH:2
FNDA:2,connectDB
FNDA:1,(anonymous_2)
DA:1,2
DA:2,2
DA:3,2
DA:4,2
DA:8,2
DA:9,2
DA:10,1
DA:13,0
DA:14,0
DA:19,2
DA:20,2
DA:22,2
DA:25,2
DA:26,2
DA:27,1
DA:30,2
LF:16
LH:14
BRF:0
BRH:0
end_of_record
TN:
SF:src\config\db.ts
FNF:0
FNH:0
DA:1,2
DA:2,2
DA:3,2
DA:4,2
DA:6,2
DA:17,2
LF:6
LH:6
BRF:0
BRH:0
end_of_record
TN:
SF:src\handlers\product.ts
FN:4,(anonymous_1)
FN:12,(anonymous_2)
FN:25,(anonymous_3)
FN:31,(anonymous_4)
FN:48,(anonymous_5)
FN:68,(anonymous_6)
FNF:6
FNH:6
FNDA:2,(anonymous_1)
FNDA:2,(anonymous_2)
FNDA:1,(anonymous_3)
FNDA:2,(anonymous_4)
FNDA:1,(anonymous_5)
FNDA:2,(anonymous_6)
DA:2,2
DA:4,2
DA:5,2
DA:9,2
DA:12,2
DA:13,2
DA:14,2
DA:16,2
DA:17,1
DA:22,1
DA:25,2
DA:26,1
DA:28,1
DA:31,2
DA:32,2
DA:33,2
DA:35,2
DA:36,1
DA:42,1
DA:43,1
DA:45,1
DA:48,2
DA:52,1
DA:53,1
DA:55,1
DA:56,1
DA:62,0
DA:63,0
DA:65,0
DA:68,2
DA:69,2
DA:70,2
DA:72,2
DA:73,1
DA:78,1
DA:79,1
LF:36
LH:33
BRDA:16,0,0,1
BRDA:16,0,1,1
BRDA:35,1,0,1
BRDA:35,1,1,1
BRDA:55,2,0,1
BRDA:55,2,1,0
BRDA:72,3,0,1
BRDA:72,3,1,1
BRF:8
BRH:7
end_of_record
TN:
SF:src\middleware\index.ts
FN:4,(anonymous_0)
FNF:1
FNH:1
FNDA:16,(anonymous_0)
DA:2,2
DA:4,2
DA:9,16
DA:10,16
DA:11,8
DA:14,8
LF:6
LH:6
BRDA:10,0,0,8
BRDA:10,0,1,8
BRF:2
BRH:2
end_of_record
TN:
SF:src\models\Product.model.ts
FNF:0
FNH:0
DA:1,2
DA:6,2
DA:10,2
DA:15,2
DA:21,2
DA:24,2
LF:6
LH:6
BRF:0
BRH:0
end_of_record
